<?xml version="1.0" encoding="UTF-8"?>
<!-- Generated by org.testng.reporters.JUnitXMLReporter -->
<testsuite ignored="1" hostname="DESKTOP-3FUKHGD" failures="0" tests="1" name="Default test" time="13.546" errors="0" timestamp="2024-03-05T09:31:27 SAST">
  <testcase classname="LoginPage" name="testSelectingBook" time="1.73"/>
  <testcase classname="LoginPage" name="testRegistrationWithMissingCaptcha" time="0.0">
    <ignored/>
  </testcase> <!-- testRegistrationWithMissingCaptcha -->
</testsuite> <!-- Default test -->
