<?xml version="1.0" encoding="UTF-8"?>
<testng-results ignored="0" total="1" passed="1" failed="0" skipped="0">
  <reporter-output>
  </reporter-output>
  <suite started-at="2024-03-05T09:31:13 SAST" name="Default suite" finished-at="2024-03-05T09:31:27 SAST" duration-ms="13546">
    <groups>
    </groups>
    <test started-at="2024-03-05T09:31:13 SAST" name="Default test" finished-at="2024-03-05T09:31:27 SAST" duration-ms="13546">
      <class name="LoginPage">
        <test-method is-config="true" signature="setUp()[pri:0, instance:LoginPage@74ea2410]" started-at="2024-03-05T09:31:13 SAST" name="setUp" finished-at="2024-03-05T09:31:25 SAST" duration-ms="11614" status="PASS">
          <reporter-output>
          </reporter-output>
        </test-method> <!-- setUp -->
        <test-method signature="testSelectingBook()[pri:0, instance:LoginPage@74ea2410]" started-at="2024-03-05T09:31:25 SAST" name="testSelectingBook" finished-at="2024-03-05T09:31:26 SAST" duration-ms="1730" status="PASS">
          <reporter-output>
          </reporter-output>
        </test-method> <!-- testSelectingBook -->
        <test-method is-config="true" signature="tearDown()[pri:0, instance:LoginPage@74ea2410]" started-at="2024-03-05T09:31:26 SAST" name="tearDown" finished-at="2024-03-05T09:31:27 SAST" duration-ms="164" status="PASS">
          <reporter-output>
          </reporter-output>
        </test-method> <!-- tearDown -->
      </class> <!-- LoginPage -->
    </test> <!-- Default test -->
  </suite> <!-- Default suite -->
</testng-results>
