<?xml version="1.0" encoding="UTF-8"?>
<testng-results ignored="0" total="1" passed="1" failed="0" skipped="0">
  <reporter-output>
  </reporter-output>
  <suite started-at="2024-03-05T07:20:47 SAST" name="Default suite" finished-at="2024-03-05T07:21:02 SAST" duration-ms="15326">
    <groups>
    </groups>
    <test started-at="2024-03-05T07:20:47 SAST" name="Default test" finished-at="2024-03-05T07:21:02 SAST" duration-ms="15326">
      <class name="LoginPage">
        <test-method is-config="true" signature="setUp()[pri:0, instance:LoginPage@69e153c5]" started-at="2024-03-05T07:20:47 SAST" name="setUp" finished-at="2024-03-05T07:21:00 SAST" duration-ms="12856" status="PASS">
          <reporter-output>
          </reporter-output>
        </test-method> <!-- setUp -->
        <test-method signature="getBookTest()[pri:0, instance:LoginPage@69e153c5]" started-at="2024-03-05T07:21:00 SAST" name="getBookTest" finished-at="2024-03-05T07:21:02 SAST" duration-ms="2426" status="PASS">
          <reporter-output>
          </reporter-output>
        </test-method> <!-- getBookTest -->
      </class> <!-- LoginPage -->
    </test> <!-- Default test -->
  </suite> <!-- Default suite -->
</testng-results>
